<?xml version="1.0" encoding="UTF-8"?>
<!-- Generated by org.testng.reporters.JUnitReportReporter -->
<testsuite skipped="0" hostname="LAPTOP-BUM46IKV" name="com.tokopedia.search.SearchTokped" tests="2" failures="0" timestamp="2022-08-24T11:20:27 ICT" time="11.256" errors="0">
  <testcase name="search" time="0.687" classname="com.tokopedia.search.SearchTokped"/>
  <system-out/>
  <testcase name="scrolling" time="10.569" classname="com.tokopedia.search.SearchTokped"/>
  <system-out/>
</testsuite> <!-- com.tokopedia.search.SearchTokped -->
